<?xml version="1.0" encoding="UTF-8"?>
<testsuite xmlns:xsi="http://www.w3.org/2001/XMLSchema-instance" xsi:noNamespaceSchemaLocation="https://maven.apache.org/surefire/maven-surefire-plugin/xsd/surefire-test-report-3.0.xsd" version="3.0" name="TestSuite" time="40.219" tests="2" errors="0" skipped="0" failures="0">
  <properties>
[...]
</properties>
  <testcase name="runScenario[&quot;check the search functionality&quot;, &quot;As a user I want to do searching for specific lesson&quot;](1)" classname="runners.TestRunner" time="12.502">
    <system-out><![CDATA[[INFO ] 2022-11-12 20:01:29,369 listeners.Execution:37 - videos recording is turned off
[INFO ] 2022-11-12 20:01:33,650 base.BaseTest:26 - Initialize 'chrome' driver successfully at Thread 1

@search-feature @search
Scenario Outline: check the search functionality                    # resources/features/Search.feature:17
  Given user open Nagwa home page                                   # steps.SearchSteps.user_open_nagwa_home_page()
[INFO ] 2022-11-12 20:01:37,353 utilities.element.ElementActions:143 - passed! click using basic command
  And user choose "English" language                                # steps.SearchSteps.user_choose_language(java.lang.String)
[INFO ] 2022-11-12 20:01:37,498 utilities.element.ElementActions:143 - passed! click using basic command
[INFO ] 2022-11-12 20:01:38,652 utilities.element.ElementActions:143 - passed! click using basic command
  When user search for "addition" lesson on search bar              # steps.SearchSteps.user_search_for_lesson_on_search_bar(java.lang.String)
  And a list with all lessons that match the "Addition" will appear # steps.SearchSteps.a_list_with_all_lessons_that_match_the_will_appear(java.lang.String)
  And user click on link 2 in the search results                    # steps.SearchSteps.user_click_on_link_in_the_search_results(int)
[INFO ] 2022-11-12 20:01:47,069 utilities.element.ElementActions:143 - passed! click using basic command
  And user go to the worksheet section                              # steps.SearchSteps.user_go_to_the_worksheet_section()
  Then "Lesson Worksheet" home page will open                       # steps.SearchSteps.home_page_will_open(java.lang.String)
Number of the questions found is  8
  And all the questions are displayed                               # steps.SearchSteps.the_count_number_of_questions_displayed_on_it_equals_to()
]]></system-out>
    <system-err><![CDATA[SLF4J: Failed to load class "org.slf4j.impl.StaticLoggerBinder".
SLF4J: Defaulting to no-operation (NOP) logger implementation
SLF4J: See http://www.slf4j.org/codes.html#StaticLoggerBinder for further details.
Starting ChromeDriver 107.0.5304.62 (1eec40d3a5764881c92085aaee66d25075c159aa-refs/branch-heads/5304@{#942}) on port 52367
Only local connections are allowed.
Please see https://chromedriver.chromium.org/security-considerations for suggestions on keeping ChromeDriver safe.
ChromeDriver was started successfully.
Nov 12, 2022 8:01:33 PM org.openqa.selenium.remote.ProtocolHandshake createSession
INFO: Detected upstream dialect: W3C
Nov 12, 2022 8:01:33 PM org.openqa.selenium.devtools.CdpVersionFinder findNearestMatch
WARNING: Unable to find an exact match for CDP version 107, so returning the closest version found: 106
Nov 12, 2022 8:01:33 PM org.openqa.selenium.devtools.CdpVersionFinder findNearestMatch
INFO: Found CDP implementation for version 107 of 106
]]></system-err>
  </testcase>
  <testcase name="runScenario[&quot;check the search functionality&quot;, &quot;As a user I want to do searching for specific lesson&quot;](2)" classname="runners.TestRunner" time="11.444">
    <system-out><![CDATA[[INFO ] 2022-11-12 20:01:49,973 base.BaseTest:38 - close the session
[INFO ] 2022-11-12 20:01:50,798 base.BaseTest:26 - Initialize 'chrome' driver successfully at Thread 1

@search-feature @search
Scenario Outline: check the search functionality               # resources/features/Search.feature:18
  Given user open Nagwa home page                              # steps.SearchSteps.user_open_nagwa_home_page()
[INFO ] 2022-11-12 20:01:53,351 utilities.element.ElementActions:143 - passed! click using basic command
  And user choose "العربية" language                           # steps.SearchSteps.user_choose_language(java.lang.String)
[INFO ] 2022-11-12 20:01:54,101 utilities.element.ElementActions:143 - passed! click using basic command
[INFO ] 2022-11-12 20:01:55,018 utilities.element.ElementActions:143 - passed! click using basic command
  When user search for "جمع" lesson on search bar              # steps.SearchSteps.user_search_for_lesson_on_search_bar(java.lang.String)
  And a list with all lessons that match the "جمع" will appear # steps.SearchSteps.a_list_with_all_lessons_that_match_the_will_appear(java.lang.String)
  And user click on link 2 in the search results               # steps.SearchSteps.user_click_on_link_in_the_search_results(int)
[INFO ] 2022-11-12 20:02:02,066 utilities.element.ElementActions:143 - passed! click using basic command
  And user go to the worksheet section                         # steps.SearchSteps.user_go_to_the_worksheet_section()
  Then "ورقة تدريب الدرس" home page will open                  # steps.SearchSteps.home_page_will_open(java.lang.String)
Number of the questions found is  10
  And all the questions are displayed                          # steps.SearchSteps.the_count_number_of_questions_displayed_on_it_equals_to()
]]></system-out>
    <system-err><![CDATA[Starting ChromeDriver 107.0.5304.62 (1eec40d3a5764881c92085aaee66d25075c159aa-refs/branch-heads/5304@{#942}) on port 61168
Only local connections are allowed.
Please see https://chromedriver.chromium.org/security-considerations for suggestions on keeping ChromeDriver safe.
ChromeDriver was started successfully.
Nov 12, 2022 8:01:50 PM org.openqa.selenium.remote.ProtocolHandshake createSession
INFO: Detected upstream dialect: W3C
Nov 12, 2022 8:01:50 PM org.openqa.selenium.devtools.CdpVersionFinder findNearestMatch
WARNING: Unable to find an exact match for CDP version 107, so returning the closest version found: 106
Nov 12, 2022 8:01:50 PM org.openqa.selenium.devtools.CdpVersionFinder findNearestMatch
INFO: Found CDP implementation for version 107 of 106
]]></system-err>
  </testcase>
</testsuite>